<?xml version="1.0" encoding="UTF-8"?>
<testsuite xmlns:xsi="http://www.w3.org/2001/XMLSchema-instance" xsi:noNamespaceSchemaLocation="https://maven.apache.org/surefire/maven-surefire-plugin/xsd/surefire-test-report.xsd" name="com.example.freshspringboot.suites.SuiteRunner" time="10.539" tests="2" errors="0" skipped="0" failures="0">
  <properties>
[...]
</properties>
  <testcase name="studentSuiteRunner" classname="com.example.freshspringboot.suites.SuiteRunner" time="3.437"/>
  <testcase name="employeeSuiteRunner" classname="com.example.freshspringboot.suites.SuiteRunner" time="7.041"/>
</testsuite>